TN:
SF:src/controllers/auth.controller.ts
FN:14,(anonymous_9)
FN:28,(anonymous_10)
FN:41,(anonymous_11)
FN:65,(anonymous_12)
FN:82,(anonymous_13)
FN:98,(anonymous_14)
FN:110,(anonymous_15)
FN:122,(anonymous_16)
FN:134,(anonymous_17)
FN:146,(anonymous_18)
FNF:10
FNH:10
FNDA:3,(anonymous_9)
FNDA:3,(anonymous_10)
FNDA:3,(anonymous_11)
FNDA:6,(anonymous_12)
FNDA:4,(anonymous_13)
FNDA:2,(anonymous_14)
FNDA:2,(anonymous_15)
FNDA:3,(anonymous_16)
FNDA:2,(anonymous_17)
FNDA:4,(anonymous_18)
DA:5,1
DA:8,1
DA:14,1
DA:15,3
DA:16,3
DA:18,3
DA:19,2
DA:20,1
DA:23,1
DA:28,1
DA:29,3
DA:30,3
DA:31,3
DA:32,2
DA:33,1
DA:36,1
DA:41,1
DA:42,3
DA:43,3
DA:45,3
DA:46,3
DA:48,3
DA:49,1
DA:50,1
DA:53,2
DA:54,1
DA:56,1
DA:61,1
DA:65,1
DA:66,6
DA:67,6
DA:69,6
DA:70,5
DA:71,4
DA:72,3
DA:73,2
DA:75,1
DA:77,1
DA:82,1
DA:83,4
DA:84,4
DA:85,4
DA:86,4
DA:87,3
DA:88,2
DA:90,1
DA:91,1
DA:93,1
DA:98,1
DA:99,2
DA:100,2
DA:101,2
DA:102,1
DA:103,1
DA:105,1
DA:110,1
DA:111,2
DA:112,2
DA:113,2
DA:114,1
DA:115,1
DA:117,1
DA:122,1
DA:123,3
DA:125,3
DA:126,1
DA:129,2
DA:134,1
DA:135,2
DA:136,2
DA:137,2
DA:138,1
DA:140,1
DA:146,1
DA:147,4
DA:148,4
DA:149,4
DA:150,3
DA:152,2
DA:154,1
LF:80
LH:80
BRDA:18,0,0,1
BRDA:18,0,1,2
BRDA:18,1,0,3
BRDA:18,1,1,2
BRDA:31,2,0,1
BRDA:31,2,1,2
BRDA:46,3,0,3
BRDA:46,3,1,2
BRDA:48,4,0,1
BRDA:48,4,1,2
BRDA:48,5,0,3
BRDA:48,5,1,2
BRDA:69,6,0,1
BRDA:69,6,1,5
BRDA:69,7,0,6
BRDA:69,7,1,5
BRDA:70,8,0,1
BRDA:70,8,1,4
BRDA:71,9,0,1
BRDA:71,9,1,3
BRDA:72,10,0,1
BRDA:72,10,1,2
BRDA:86,11,0,1
BRDA:86,11,1,3
BRDA:87,12,0,1
BRDA:87,12,1,2
BRDA:129,13,0,2
BRDA:129,13,1,1
BRDA:149,14,0,1
BRDA:149,14,1,3
BRDA:152,15,0,2
BRDA:152,15,1,1
BRF:32
BRH:32
end_of_record
TN:
SF:src/middlewares/errorHandler.ts
FN:6,(anonymous_0)
FNF:1
FNH:1
FNDA:2,(anonymous_0)
DA:6,1
DA:7,2
DA:8,2
LF:3
LH:3
BRF:0
BRH:0
end_of_record
TN:
SF:src/middlewares/internalAuth.ts
FN:6,(anonymous_0)
FNF:1
FNH:1
FNDA:3,(anonymous_0)
DA:6,1
DA:7,3
DA:10,3
DA:11,2
DA:12,2
DA:16,1
LF:6
LH:6
BRDA:10,0,0,2
BRDA:10,0,1,1
BRDA:10,1,0,3
BRDA:10,1,1,2
BRF:4
BRH:4
end_of_record
TN:
SF:src/middlewares/notFound.ts
FN:6,(anonymous_0)
FNF:1
FNH:1
FNDA:1,(anonymous_0)
DA:6,1
DA:7,1
LF:2
LH:2
BRF:0
BRH:0
end_of_record
TN:
SF:src/middlewares/verifyToken.ts
FN:16,(anonymous_1)
FNF:1
FNH:1
FNDA:5,(anonymous_1)
DA:3,1
DA:6,1
DA:7,1
DA:16,1
DA:18,5
DA:19,5
DA:22,5
DA:23,1
DA:24,1
DA:28,4
DA:29,4
DA:30,4
DA:32,2
DA:33,1
DA:34,1
DA:37,1
DA:40,3
DA:42,3
DA:46,2
DA:47,2
DA:50,1
LF:21
LH:21
BRDA:19,0,0,5
BRDA:19,0,1,4
BRDA:22,1,0,1
BRDA:22,1,1,4
BRDA:30,2,0,2
BRDA:30,2,1,2
BRDA:32,3,0,1
BRDA:32,3,1,1
BRF:8
BRH:8
end_of_record
TN:
SF:src/services/auth.service.ts
FN:17,(anonymous_1)
FN:18,(anonymous_2)
FN:19,(anonymous_3)
FN:26,(anonymous_4)
FN:33,(anonymous_5)
FN:85,(anonymous_6)
FN:119,(anonymous_7)
FN:142,(anonymous_8)
FN:159,(anonymous_9)
FN:168,(anonymous_10)
FN:176,(anonymous_11)
FN:184,(anonymous_12)
FN:189,(anonymous_13)
FN:212,(anonymous_14)
FNF:14
FNH:14
FNDA:30,(anonymous_1)
FNDA:22,(anonymous_2)
FNDA:1,(anonymous_3)
FNDA:5,(anonymous_4)
FNDA:6,(anonymous_5)
FNDA:4,(anonymous_6)
FNDA:3,(anonymous_7)
FNDA:3,(anonymous_8)
FNDA:2,(anonymous_9)
FNDA:2,(anonymous_10)
FNDA:2,(anonymous_11)
FNDA:1,(anonymous_12)
FNDA:4,(anonymous_13)
FNDA:2,(anonymous_14)
DA:2,1
DA:3,1
DA:4,1
DA:7,1
DA:8,1
DA:9,1
DA:10,1
DA:13,1
DA:17,30
DA:18,22
DA:19,1
DA:22,1
DA:23,1
DA:26,5
DA:33,1
DA:35,6
DA:39,6
DA:40,6
DA:43,5
DA:44,5
DA:47,4
DA:55,4
DA:56,4
DA:57,2
DA:62,2
DA:66,4
DA:67,4
DA:70,4
DA:71,4
DA:81,4
DA:85,1
DA:87,4
DA:90,4
DA:91,2
DA:92,2
DA:96,2
DA:99,2
DA:102,1
DA:105,1
DA:112,1
DA:113,1
DA:115,1
DA:119,1
DA:121,3
DA:124,3
DA:125,3
DA:127,2
DA:128,2
DA:130,1
DA:142,1
DA:143,3
DA:146,3
DA:147,3
DA:150,2
DA:151,2
DA:152,2
DA:155,2
DA:159,1
DA:161,2
DA:162,2
DA:164,1
DA:168,1
DA:169,2
DA:170,2
DA:172,1
DA:176,1
DA:177,2
DA:178,2
DA:180,1
DA:184,1
DA:185,1
DA:189,1
DA:191,4
DA:192,4
DA:195,3
DA:196,3
DA:199,2
DA:212,1
DA:213,2
DA:214,2
LF:80
LH:80
BRDA:40,0,0,1
BRDA:40,0,1,5
BRDA:44,1,0,1
BRDA:44,1,1,4
BRDA:56,2,0,2
BRDA:56,2,1,2
BRDA:62,3,0,1
BRDA:62,3,1,1
BRDA:71,4,0,4
BRDA:71,4,1,3
BRDA:76,5,0,3
BRDA:76,5,1,2
BRDA:90,6,0,2
BRDA:90,6,1,2
BRDA:90,7,0,4
BRDA:90,7,1,3
BRDA:99,8,0,1
BRDA:99,8,1,1
BRDA:125,9,0,2
BRDA:125,9,1,1
BRDA:125,10,0,3
BRDA:125,10,1,2
BRDA:125,10,2,2
BRDA:128,11,0,1
BRDA:128,11,1,1
BRDA:142,12,0,1
BRDA:147,13,0,1
BRDA:147,13,1,2
BRDA:162,14,0,1
BRDA:162,14,1,1
BRDA:170,15,0,1
BRDA:170,15,1,1
BRDA:178,16,0,1
BRDA:178,16,1,1
BRDA:192,17,0,1
BRDA:192,17,1,3
BRDA:196,18,0,1
BRDA:196,18,1,2
BRDA:204,19,0,2
BRDA:204,19,1,1
BRDA:207,20,0,2
BRDA:207,20,1,1
BRDA:214,21,0,1
BRDA:214,21,1,1
BRF:44
BRH:44
end_of_record
TN:
SF:src/services/user-cache.service.ts
FN:12,(anonymous_0)
FN:46,setUserCache
FN:55,getUserCache
FN:66,(anonymous_3)
FN:122,(anonymous_4)
FN:184,(anonymous_5)
FN:197,(anonymous_6)
FNF:7
FNH:7
FNDA:26,(anonymous_0)
FNDA:5,setUserCache
FNDA:6,getUserCache
FNDA:3,(anonymous_3)
FNDA:5,(anonymous_4)
FNDA:2,(anonymous_5)
FNDA:3,(anonymous_6)
DA:2,1
DA:3,1
DA:6,1
DA:12,26
DA:15,1
DA:47,5
DA:48,5
DA:50,1
DA:55,1
DA:56,6
DA:57,6
DA:58,5
DA:60,1
DA:66,1
DA:68,3
DA:69,3
DA:70,1
DA:71,1
DA:77,2
DA:91,2
DA:92,2
DA:95,2
DA:118,2
DA:122,1
DA:123,5
DA:124,5
DA:125,1
DA:126,1
DA:130,4
DA:131,4
DA:132,4
DA:133,4
DA:134,4
DA:135,1
DA:137,1
DA:141,4
DA:142,4
DA:143,4
DA:144,4
DA:145,4
DA:148,4
DA:151,4
DA:152,4
DA:155,3
DA:156,3
DA:180,4
DA:184,1
DA:185,2
DA:186,2
DA:187,1
DA:188,1
DA:192,1
DA:193,1
DA:197,1
DA:199,3
DA:202,3
DA:203,3
DA:204,2
DA:205,1
DA:206,1
DA:207,1
DA:211,1
DA:214,3
LF:63
LH:63
BRDA:58,0,0,3
BRDA:58,0,1,2
BRDA:69,1,0,1
BRDA:69,1,1,2
BRDA:124,2,0,1
BRDA:124,2,1,4
BRDA:131,3,0,2
BRDA:131,3,1,2
BRDA:132,4,0,3
BRDA:132,4,1,1
BRDA:133,5,0,1
BRDA:133,5,1,3
BRDA:134,6,0,1
BRDA:134,6,1,3
BRDA:141,7,0,4
BRDA:141,7,1,1
BRDA:143,8,0,1
BRDA:143,8,1,3
BRDA:144,9,0,1
BRDA:144,9,1,3
BRDA:145,10,0,1
BRDA:145,10,1,3
BRDA:152,11,0,3
BRDA:152,11,1,1
BRDA:161,12,0,3
BRDA:161,12,1,1
BRDA:164,13,0,3
BRDA:164,13,1,1
BRDA:165,14,0,3
BRDA:165,14,1,2
BRDA:166,15,0,3
BRDA:166,15,1,3
BRDA:167,16,0,3
BRDA:167,16,1,3
BRDA:168,17,0,3
BRDA:168,17,1,3
BRDA:169,18,0,3
BRDA:169,18,1,3
BRDA:170,19,0,3
BRDA:170,19,1,3
BRDA:171,20,0,3
BRDA:171,20,1,3
BRDA:173,21,0,3
BRDA:173,21,1,3
BRDA:174,22,0,3
BRDA:174,22,1,3
BRDA:186,23,0,1
BRDA:186,23,1,1
BRDA:204,24,0,1
BRDA:204,24,1,1
BRF:50
BRH:50
end_of_record
TN:
SF:src/utils/response.ts
FN:5,(anonymous_0)
FN:10,(anonymous_1)
FNF:2
FNH:2
FNDA:13,(anonymous_0)
FNDA:23,(anonymous_1)
DA:5,2
DA:6,13
DA:10,2
DA:11,23
LF:4
LH:4
BRDA:5,0,0,11
BRDA:10,1,0,16
BRF:2
BRH:2
end_of_record
